c:\users\administrator\desktop\qt\wheelzoom\wheelzoom\debug\vc120.pdb
c:\users\administrator\desktop\qt\wheelzoom\wheelzoom\debug\qrc_wheelzoom.obj
c:\users\administrator\desktop\qt\wheelzoom\wheelzoom\debug\wheelzoom.obj
c:\users\administrator\desktop\qt\wheelzoom\wheelzoom\debug\main.obj
c:\users\administrator\desktop\qt\wheelzoom\wheelzoom\debug\moc_wheelzoom.obj
c:\users\administrator\desktop\qt\wheelzoom\wheelzoom\generatedfiles\debug\moc_wheelzoom.cpp
c:\users\administrator\desktop\qt\wheelzoom\wheelzoom\generatedfiles\qrc_wheelzoom.cpp
c:\users\administrator\desktop\qt\wheelzoom\wheelzoom\generatedfiles\ui_wheelzoom.h
c:\users\administrator\desktop\qt\wheelzoom\win32\debug\wheelzoom.ilk
c:\users\administrator\desktop\qt\wheelzoom\win32\debug\wheelzoom.exe
c:\users\administrator\desktop\qt\wheelzoom\win32\debug\wheelzoom.pdb
c:\users\administrator\desktop\qt\wheelzoom\wheelzoom\debug\wheelzoom.tlog\cl.command.1.tlog
c:\users\administrator\desktop\qt\wheelzoom\wheelzoom\debug\wheelzoom.tlog\cl.read.1.tlog
c:\users\administrator\desktop\qt\wheelzoom\wheelzoom\debug\wheelzoom.tlog\cl.write.1.tlog
c:\users\administrator\desktop\qt\wheelzoom\wheelzoom\debug\wheelzoom.tlog\custombuild.command.1.tlog
c:\users\administrator\desktop\qt\wheelzoom\wheelzoom\debug\wheelzoom.tlog\custombuild.read.1.tlog
c:\users\administrator\desktop\qt\wheelzoom\wheelzoom\debug\wheelzoom.tlog\custombuild.write.1.tlog
c:\users\administrator\desktop\qt\wheelzoom\wheelzoom\debug\wheelzoom.tlog\link.command.1.tlog
c:\users\administrator\desktop\qt\wheelzoom\wheelzoom\debug\wheelzoom.tlog\link.read.1.tlog
c:\users\administrator\desktop\qt\wheelzoom\wheelzoom\debug\wheelzoom.tlog\link.write.1.tlog
