生成启动时间为 2019/7/14 23:16:32。
     1>项目“C:\Users\Administrator\Desktop\QT\WheelZoom\WheelZoom\WheelZoom.vcxproj”在节点 2 上(Build 个目标)。
     1>CustomBuild:
         Moc'ing wheelzoom.h...
     1>C:\Program Files (x86)\MSBuild\Microsoft.Cpp\v4.0\V120\Microsoft.CppBuild.targets(935,5): warning MSB8027: Two or more files with the name of moc_wheelzoom.cpp will produce outputs to the same location. This can lead to an incorrect build result.  The files involved are GeneratedFiles\Debug\moc_wheelzoom.cpp, GeneratedFiles\Release\moc_wheelzoom.cpp.
       ClCompile:
         E:\VS\VC\bin\CL.exe /c /I.\GeneratedFiles /I. /IE:\QT\5.5\msvc2013\include /I.\GeneratedFiles\Debug /IE:\QT\5.5\msvc2013\include\QtCore /IE:\QT\5.5\msvc2013\include\QtGui /IE:\QT\5.5\msvc2013\include\QtWidgets /Zi /nologo /W1 /WX- /Od /Oy- /D UNICODE /D WIN32 /D WIN64 /D QT_DLL /D QT_CORE_LIB /D QT_GUI_LIB /D QT_WIDGETS_LIB /Gm- /EHsc /MDd /GS /fp:precise /Zc:wchar_t /Zc:forScope /Fo"Debug\\" /Fd"Debug\vc120.pdb" /Gd /TP /analyze- /errorReport:prompt GeneratedFiles\Debug\moc_wheelzoom.cpp main.cpp wheelzoom.cpp
         moc_wheelzoom.cpp
         main.cpp
         wheelzoom.cpp
         正在生成代码...
       Link:
         E:\VS\VC\bin\link.exe /ERRORREPORT:PROMPT /OUT:"C:\Users\Administrator\Desktop\QT\WheelZoom\Win32\Debug\\WheelZoom.exe" /NOLOGO /LIBPATH:E:\QT\5.5\msvc2013\lib qtmaind.lib Qt5Cored.lib Qt5Guid.lib Qt5Widgetsd.lib opencv_ml249d.lib opencv_calib3d249d.lib opencv_contrib249d.lib opencv_core249d.lib opencv_features2d249d.lib opencv_flann249d.lib opencv_gpu249d.lib opencv_highgui249d.lib opencv_imgproc249d.lib opencv_legacy249d.lib opencv_objdetect249d.lib opencv_ts249d.lib opencv_video249d.lib opencv_nonfree249d.lib opencv_ocl249d.lib opencv_photo249d.lib opencv_stitching249d.lib opencv_superres249d.lib opencv_videostab249d.lib opencv_objdetect249.lib opencv_ts249.lib opencv_video249.lib opencv_nonfree249.lib opencv_ocl249.lib opencv_photo249.lib opencv_stitching249.lib opencv_superres249.lib opencv_videostab249.lib opencv_calib3d249.lib opencv_contrib249.lib opencv_core249.lib opencv_features2d249.lib opencv_flann249.lib opencv_gpu249.lib opencv_highgui249.lib opencv_imgproc249.lib opencv_legacy249.lib opencv_ml249.lib kernel32.lib user32.lib gdi32.lib winspool.lib comdlg32.lib advapi32.lib shell32.lib ole32.lib oleaut32.lib uuid.lib odbc32.lib odbccp32.lib /MANIFEST /MANIFESTUAC:"level='asInvoker' uiAccess='false'" /manifest:embed /DEBUG /PDB:"C:\Users\Administrator\Desktop\QT\WheelZoom\Win32\Debug\WheelZoom.pdb" /SUBSYSTEM:WINDOWS /TLBID:1 /DYNAMICBASE /NXCOMPAT /IMPLIB:"C:\Users\Administrator\Desktop\QT\WheelZoom\Win32\Debug\WheelZoom.lib" /MACHINE:X86 /SAFESEH Debug\moc_wheelzoom.obj
         Debug\qrc_wheelzoom.obj
         Debug\main.obj
         Debug\wheelzoom.obj
         WheelZoom.vcxproj -> C:\Users\Administrator\Desktop\QT\WheelZoom\Win32\Debug\WheelZoom.exe
     1>已完成生成项目“C:\Users\Administrator\Desktop\QT\WheelZoom\WheelZoom\WheelZoom.vcxproj”(Build 个目标)的操作。

生成成功。

已用时间 00:00:07.02
